2021-08-02T14:11:51.256Z [32minfo[39m: 	Se inició servidor en Puerto 8080 - PID WORKER: 7324
2021-08-02T14:12:13.878Z [32minfo[39m: 	Cliente ID:1FAhz4oGSBUqdx5PAAAB inició conexión a traves de Socket
2021-08-02T14:13:32.397Z [32minfo[39m: 	Se inició servidor en Puerto 8080 - PID WORKER: 12420
2021-08-02T14:13:32.450Z [32minfo[39m: 	Cliente ID:Wl8dQ7JDehX0h5ZKAAAB inició conexión a traves de Socket
2021-08-02T14:16:47.853Z [32minfo[39m: 	Se inició servidor en Puerto 8080 - PID WORKER: 12444
2021-08-02T14:16:48.009Z [32minfo[39m: 	Cliente ID:idi8Qfm3TQ-3r2McAAAB inició conexión a traves de Socket
2021-08-02T14:19:41.174Z [32minfo[39m: 	Se inició servidor en Puerto 8080 - PID WORKER: 13936
2021-08-02T14:19:41.202Z [32minfo[39m: 	Cliente ID:Sbz4y9L43jCy5PyjAAAB inició conexión a traves de Socket
2021-08-02T14:21:39.085Z [32minfo[39m: 	Se inició servidor en Puerto 8080 - PID WORKER: 15236
2021-08-02T14:21:39.202Z [32minfo[39m: 	Cliente ID:E0eGYiTkXhb6B6OoAAAB inició conexión a traves de Socket
2021-08-02T14:22:45.319Z [32minfo[39m: 	Se inició servidor en Puerto 8080 - PID WORKER: 5792
2021-08-02T14:22:45.462Z [32minfo[39m: 	Cliente ID:pSGg0Vsa8ozgfahUAAAB inició conexión a traves de Socket
2021-08-02T14:24:11.458Z [32minfo[39m: 	Se inició servidor en Puerto 8080 - PID WORKER: 13704
2021-08-02T14:24:11.508Z [32minfo[39m: 	Cliente ID:ZhNHAo9iSE25pjwkAAAB inició conexión a traves de Socket
2021-08-02T14:24:19.828Z [32minfo[39m: 	Se inició servidor en Puerto 8080 - PID WORKER: 12004
2021-08-02T14:24:20.219Z [32minfo[39m: 	Cliente ID:V2V6phS6wWYAfzxoAAAB inició conexión a traves de Socket
2021-08-02T14:24:40.842Z [32minfo[39m: 	Se inició servidor en Puerto 8080 - PID WORKER: 12404
2021-08-02T14:24:40.947Z [32minfo[39m: 	Cliente ID:7oQ0WImbve398n4DAAAB inició conexión a traves de Socket
2021-08-02T14:24:59.472Z [32minfo[39m: 	Se inició servidor en Puerto 8080 - PID WORKER: 11512
2021-08-02T14:24:59.509Z [32minfo[39m: 	Cliente ID:hYGadaCFF_5yD1lDAAAB inició conexión a traves de Socket
2021-08-02T14:25:18.116Z [32minfo[39m: 	Se inició servidor en Puerto 8080 - PID WORKER: 2656
2021-08-02T14:25:18.188Z [32minfo[39m: 	Cliente ID:aDipJRhTfVaY6CvRAAAB inició conexión a traves de Socket
2021-08-02T14:27:00.724Z [32minfo[39m: 	Cliente ID:quDgo5OFyaE030_0AAAD inició conexión a traves de Socket
2021-08-02T14:30:18.932Z [32minfo[39m: 	Cliente ID:dq0fzYeXOr67zA4XAAAF inició conexión a traves de Socket
2021-08-02T14:32:37.543Z [32minfo[39m: 	Se inició servidor en Puerto 8080 - PID WORKER: 15272
2021-08-02T14:34:11.792Z [32minfo[39m: 	Se inició servidor en Puerto 8080 - PID WORKER: 2232
2021-08-02T14:36:11.620Z [32minfo[39m: 	Se inició servidor en Puerto 8080 - PID WORKER: 13216
2021-08-02T14:36:47.823Z [32minfo[39m: 	Se inició servidor en Puerto 8080 - PID WORKER: 3788
2021-08-02T14:37:04.663Z [32minfo[39m: 	Cliente ID:0DCAaZAE-6g5BTQRAAAB inició conexión a traves de Socket
2021-08-02T14:37:31.854Z [32minfo[39m: 	Cliente ID:uFBXgILVE2owT7C_AAAD inició conexión a traves de Socket
2021-08-02T14:37:52.470Z [32minfo[39m: 	Se inició servidor en Puerto 8080 - PID WORKER: 12148
2021-08-02T14:37:52.672Z [32minfo[39m: 	Cliente ID:dBAXXlr6zH3iUUTJAAAB inició conexión a traves de Socket
2021-08-02T14:38:05.428Z [32minfo[39m: 	Cliente ID:B0uHDBHbRxrowG2YAAAD inició conexión a traves de Socket
2021-08-02T14:38:25.807Z [32minfo[39m: 	Se inició servidor en Puerto 8080 - PID WORKER: 12896
2021-08-02T14:43:28.772Z [32minfo[39m: 	Se inició servidor en Puerto 8080 - PID WORKER: 10620
2021-08-02T14:43:55.880Z [32minfo[39m: 	Se inició servidor en Puerto 8080 - PID WORKER: 15316
2021-08-02T14:44:39.704Z [32minfo[39m: 	Se inició servidor en Puerto 8080 - PID WORKER: 3268
2021-08-02T14:44:45.824Z [32minfo[39m: 	Se inició servidor en Puerto 8080 - PID WORKER: 11432
2021-08-02T14:49:15.783Z [32minfo[39m: 	Se inició servidor en Puerto 8080 - PID WORKER: 11128
2021-08-02T14:52:45.651Z [32minfo[39m: 	Se inició servidor en Puerto 8080 - PID WORKER: 9788
2021-08-02T14:53:19.366Z [32minfo[39m: 	Se inició servidor en Puerto 8080 - PID WORKER: 956
2021-08-02T14:53:35.987Z [32minfo[39m: 	Se inició servidor en Puerto 8080 - PID WORKER: 13264
2021-08-02T14:54:02.887Z [32minfo[39m: 	Se inició servidor en Puerto 8080 - PID WORKER: 14680
2021-08-02T14:54:24.897Z [32minfo[39m: 	Cliente ID:X8hRnTT00HEFJ3XCAAAB inició conexión a traves de Socket
2021-08-02T14:55:38.503Z [32minfo[39m: 	Se inició servidor en Puerto 8080 - PID WORKER: 14352
2021-08-02T14:55:38.651Z [32minfo[39m: 	Cliente ID:zJ8e8v-F0PygMo4UAAAB inició conexión a traves de Socket
2021-08-02T14:56:05.943Z [32minfo[39m: 	Se inició servidor en Puerto 8080 - PID WORKER: 12992
2021-08-02T14:56:14.426Z [32minfo[39m: 	Se inició servidor en Puerto 8080 - PID WORKER: 13496
2021-08-02T14:56:59.623Z [32minfo[39m: 	Se inició servidor en Puerto 8080 - PID WORKER: 11228
2021-08-02T14:57:10.719Z [32minfo[39m: 	Cliente ID:UygUXswASQps5Dm_AAAB inició conexión a traves de Socket
2021-08-02T15:00:24.721Z [32minfo[39m: 	Se inició servidor en Puerto 8080 - PID WORKER: 14328
2021-08-02T15:00:24.926Z [32minfo[39m: 	Cliente ID:S1lXYKAgOrhdwoEqAAAB inició conexión a traves de Socket
2021-08-02T15:01:30.392Z [32minfo[39m: 	Se inició servidor en Puerto 8080 - PID WORKER: 14764
2021-08-02T15:01:30.434Z [32minfo[39m: 	Cliente ID:MOduqnuAIiEz1mQzAAAB inició conexión a traves de Socket
2021-08-02T15:01:52.392Z [32minfo[39m: 	Cliente ID:TiECFpOGYshnQdHdAAAD inició conexión a traves de Socket
2021-08-02T15:02:58.014Z [32minfo[39m: 	Se inició servidor en Puerto 8080 - PID WORKER: 6572
2021-08-02T15:02:58.146Z [32minfo[39m: 	Cliente ID:tFJV3aphE_auByBUAAAB inició conexión a traves de Socket
2021-08-02T15:04:51.049Z [32minfo[39m: 	Se inició servidor en Puerto 8080 - PID WORKER: 11292
2021-08-02T15:04:51.167Z [32minfo[39m: 	Cliente ID:W7s4lxGN6IUFR3zDAAAB inició conexión a traves de Socket
2021-08-02T15:05:02.787Z [32minfo[39m: 	Se inició servidor en Puerto 8080 - PID WORKER: 11964
2021-08-02T15:05:02.970Z [32minfo[39m: 	Cliente ID:MJlQCGuCWNNEZoF5AAAB inició conexión a traves de Socket
2021-08-02T15:05:04.063Z [32minfo[39m: 	Cliente ID:hyEtCQlid2whCTSWAAAD inició conexión a traves de Socket
2021-08-02T15:05:54.974Z [32minfo[39m: 	Se inició servidor en Puerto 8080 - PID WORKER: 3896
2021-08-02T15:05:55.191Z [32minfo[39m: 	Cliente ID:rOY1NcGCGDUky3c6AAAB inició conexión a traves de Socket
2021-08-02T15:05:59.699Z [32minfo[39m: 	Se inició servidor en Puerto 8080 - PID WORKER: 6532
2021-08-02T15:05:59.763Z [32minfo[39m: 	Cliente ID:AN_aQR81WRF-HzE5AAAB inició conexión a traves de Socket
2021-08-02T15:06:51.879Z [32minfo[39m: 	Se inició servidor en Puerto 8080 - PID WORKER: 10896
2021-08-02T15:06:51.971Z [32minfo[39m: 	Cliente ID:7MKbXzkhUB0vcnpfAAAB inició conexión a traves de Socket
2021-08-02T15:06:56.156Z [32minfo[39m: 	Cliente ID:ryq-fZcnVhgWkUeBAAAD inició conexión a traves de Socket
2021-08-02T15:10:54.089Z [32minfo[39m: 	Cliente ID:Px906qGgoSjQL-r_AAAF inició conexión a traves de Socket
2021-08-02T15:14:28.106Z [32minfo[39m: 	Se inició servidor en Puerto 8080 - PID WORKER: 14084
2021-08-02T15:14:28.258Z [32minfo[39m: 	Cliente ID:p6pG79tR2BR8ztxeAAAB inició conexión a traves de Socket
2021-08-02T15:14:45.673Z [32minfo[39m: 	Cliente ID:fYCiWYSGY1Xxbb_dAAAD inició conexión a traves de Socket
2021-08-02T15:18:35.205Z [32minfo[39m: 	Se inició servidor en Puerto 8080 - PID WORKER: 2452
2021-08-02T15:18:35.309Z [32minfo[39m: 	Cliente ID:XMrJanAfLSPN6REwAAAB inició conexión a traves de Socket
2021-08-02T15:19:01.518Z [32minfo[39m: 	Se inició servidor en Puerto 8080 - PID WORKER: 6048
2021-08-02T15:19:01.681Z [32minfo[39m: 	Cliente ID:iUsxLtYtpVdMx403AAAB inició conexión a traves de Socket
2021-08-02T15:19:28.285Z [32minfo[39m: 	Se inició servidor en Puerto 8080 - PID WORKER: 13216
2021-08-02T15:19:28.382Z [32minfo[39m: 	Cliente ID:FKQVugGYb-Yg8_FbAAAB inició conexión a traves de Socket
2021-08-02T15:19:31.971Z [32minfo[39m: 	Se inició servidor en Puerto 8080 - PID WORKER: 9648
2021-08-02T15:19:32.100Z [32minfo[39m: 	Cliente ID:C7KfCjsIKS9n7rS9AAAB inició conexión a traves de Socket
2021-08-02T15:19:35.388Z [32minfo[39m: 	Se inició servidor en Puerto 8080 - PID WORKER: 13952
2021-08-02T15:19:35.556Z [32minfo[39m: 	Cliente ID:smQb5ekeWq00QghDAAAB inició conexión a traves de Socket
2021-08-02T15:19:38.997Z [32minfo[39m: 	Se inició servidor en Puerto 8080 - PID WORKER: 10264
2021-08-02T15:19:39.202Z [32minfo[39m: 	Cliente ID:2EdwJL7pfO2mhwOCAAAB inició conexión a traves de Socket
2021-08-02T15:20:24.216Z [32minfo[39m: 	Se inició servidor en Puerto 8080 - PID WORKER: 3768
2021-08-02T15:20:24.266Z [32minfo[39m: 	Cliente ID:LKOkbMLtKPOQ-7LiAAAB inició conexión a traves de Socket
2021-08-02T15:20:32.006Z [32minfo[39m: 	Se inició servidor en Puerto 8080 - PID WORKER: 8012
2021-08-02T15:20:32.073Z [32minfo[39m: 	Cliente ID:9IyHMD1xkHnQNnjWAAAB inició conexión a traves de Socket
2021-08-02T15:20:49.687Z [32minfo[39m: 	Se inició servidor en Puerto 8080 - PID WORKER: 6164
2021-08-02T15:20:49.751Z [32minfo[39m: 	Cliente ID:0LQXQl4PQTwXaTFHAAAB inició conexión a traves de Socket
2021-08-02T15:21:30.014Z [32minfo[39m: 	Se inició servidor en Puerto 8080 - PID WORKER: 7216
2021-08-02T15:21:30.123Z [32minfo[39m: 	Cliente ID:lD6MKBWedc2EQGbhAAAB inició conexión a traves de Socket
2021-08-02T15:21:38.573Z [32minfo[39m: 	Cliente ID:cnQqhIGvRxOUGnLqAAAD inició conexión a traves de Socket
2021-08-02T15:22:35.261Z [32minfo[39m: 	Se inició servidor en Puerto 8080 - PID WORKER: 3272
2021-08-02T15:22:35.489Z [32minfo[39m: 	Cliente ID:Q0JAXIHEr3r1z7ieAAAB inició conexión a traves de Socket
2021-08-02T15:23:18.435Z [32minfo[39m: 	Se inició servidor en Puerto 8080 - PID WORKER: 14656
2021-08-02T15:23:18.478Z [32minfo[39m: 	Cliente ID:mJ-_-fd5c42gjz0mAAAB inició conexión a traves de Socket
2021-08-02T15:24:22.136Z [32minfo[39m: 	Se inició servidor en Puerto 8080 - PID WORKER: 15280
2021-08-02T15:24:22.256Z [32minfo[39m: 	Cliente ID:4njwzbKyOJSHmthfAAAB inició conexión a traves de Socket
2021-08-02T15:24:30.197Z [32minfo[39m: 	Se inició servidor en Puerto 8080 - PID WORKER: 2288
2021-08-02T15:24:30.316Z [32minfo[39m: 	Cliente ID:AKqyPcNgUdpHSt1UAAAB inició conexión a traves de Socket
2021-08-02T15:25:48.001Z [32minfo[39m: 	Se inició servidor en Puerto 8080 - PID WORKER: 6284
2021-08-02T15:25:48.262Z [32minfo[39m: 	Cliente ID:e69K3-dty1Y5xaHeAAAB inició conexión a traves de Socket
2021-08-02T15:25:53.180Z [32minfo[39m: 	Se inició servidor en Puerto 8080 - PID WORKER: 15148
2021-08-02T15:25:53.399Z [32minfo[39m: 	Cliente ID:X9t-1fVIG4F14IquAAAB inició conexión a traves de Socket
2021-08-02T15:26:06.818Z [32minfo[39m: 	Se inició servidor en Puerto 8080 - PID WORKER: 11892
2021-08-02T15:26:06.916Z [32minfo[39m: 	Cliente ID:OEwT3bSJ8Sgoc7jhAAAB inició conexión a traves de Socket
2021-08-02T15:27:17.187Z [32minfo[39m: 	Se inició servidor en Puerto 8080 - PID WORKER: 13616
2021-08-02T15:27:17.402Z [32minfo[39m: 	Cliente ID:DAFK7sO3BWjpMkBbAAAB inició conexión a traves de Socket
2021-08-02T15:27:43.216Z [32minfo[39m: 	Se inició servidor en Puerto 8080 - PID WORKER: 12620
2021-08-02T15:27:43.275Z [32minfo[39m: 	Cliente ID:ssPFTG9q7cR7xcRwAAAB inició conexión a traves de Socket
2021-08-02T15:28:17.679Z [32minfo[39m: 	Se inició servidor en Puerto 8080 - PID WORKER: 14968
2021-08-02T15:28:17.772Z [32minfo[39m: 	Cliente ID:sicUvNKcDBLYNnReAAAB inició conexión a traves de Socket
2021-08-02T15:28:43.487Z [32minfo[39m: 	Se inició servidor en Puerto 8080 - PID WORKER: 12048
2021-08-02T15:28:43.602Z [32minfo[39m: 	Cliente ID:nOboaVWrn199xRCAAAAB inició conexión a traves de Socket
2021-08-02T15:29:51.201Z [32minfo[39m: 	Se inició servidor en Puerto 8080 - PID WORKER: 13432
2021-08-02T15:29:51.478Z [32minfo[39m: 	Cliente ID:Ig-P2y2J-afe2JDNAAAB inició conexión a traves de Socket
2021-08-02T15:30:07.313Z [32minfo[39m: 	Se inició servidor en Puerto 8080 - PID WORKER: 10008
2021-08-02T15:30:07.470Z [32minfo[39m: 	Cliente ID:Y7K6hpPF7zl_oivQAAAB inició conexión a traves de Socket
2021-08-02T15:30:25.455Z [32minfo[39m: 	Se inició servidor en Puerto 8080 - PID WORKER: 11188
2021-08-02T15:30:25.585Z [32minfo[39m: 	Cliente ID:FRhqL6TFrDEnIPfIAAAB inició conexión a traves de Socket
2021-08-02T15:31:06.532Z [32minfo[39m: 	Se inició servidor en Puerto 8080 - PID WORKER: 12320
2021-08-02T15:31:06.741Z [32minfo[39m: 	Cliente ID:bQOhUjzKmygAVL81AAAB inició conexión a traves de Socket
2021-08-02T15:33:51.209Z [32minfo[39m: 	Se inició servidor en Puerto 8080 - PID WORKER: 8364
2021-08-02T15:33:51.451Z [32minfo[39m: 	Cliente ID:eqzxRBUkyBc3HDUQAAAB inició conexión a traves de Socket
2021-08-02T15:35:01.324Z [32minfo[39m: 	Se inició servidor en Puerto 8080 - PID WORKER: 9628
2021-08-02T15:35:01.450Z [32minfo[39m: 	Cliente ID:qc2_NBI0stfdSNU8AAAB inició conexión a traves de Socket
2021-08-02T15:36:00.626Z [32minfo[39m: 	Se inició servidor en Puerto 8080 - PID WORKER: 12808
2021-08-02T15:36:00.839Z [32minfo[39m: 	Cliente ID:8-yzTEQ5Wy_wigjjAAAB inició conexión a traves de Socket
2021-08-02T15:36:21.541Z [32minfo[39m: 	Se inició servidor en Puerto 8080 - PID WORKER: 11648
2021-08-02T15:36:21.714Z [32minfo[39m: 	Cliente ID:eXXmPZv8kMwK4KV8AAAB inició conexión a traves de Socket
2021-08-02T15:36:39.085Z [32minfo[39m: 	Se inició servidor en Puerto 8080 - PID WORKER: 8324
2021-08-02T15:36:39.129Z [32minfo[39m: 	Cliente ID:iSwXobMEKK_khk7dAAAB inició conexión a traves de Socket
2021-08-02T15:44:51.845Z [32minfo[39m: 	Cliente ID:ika_SJik7jnnMYdeAAAD inició conexión a traves de Socket
2021-08-02T15:54:44.674Z [32minfo[39m: 	Se inició servidor en Puerto 8080 - PID WORKER: 14936
2021-08-02T15:54:54.857Z [32minfo[39m: 	Cliente ID:4hTZIyX_littjtkcAAAB inició conexión a traves de Socket
2021-08-02T15:55:25.715Z [32minfo[39m: 	Se inició servidor en Puerto 8080 - PID WORKER: 9256
2021-08-02T15:55:26.008Z [32minfo[39m: 	Cliente ID:BQB_jJR2MzvaSjbEAAAB inició conexión a traves de Socket
2021-08-02T15:56:02.127Z [32minfo[39m: 	Se inició servidor en Puerto 8080 - PID WORKER: 2164
2021-08-02T15:56:02.429Z [32minfo[39m: 	Cliente ID:eB_o6lDeTPv4DH7lAAAB inició conexión a traves de Socket
2021-08-02T15:56:58.372Z [32minfo[39m: 	Se inició servidor en Puerto 8080 - PID WORKER: 5940
2021-08-02T15:56:58.444Z [32minfo[39m: 	Cliente ID:F16dxo3tjQEwzMnjAAAB inició conexión a traves de Socket
2021-08-02T15:57:41.313Z [32minfo[39m: 	Se inició servidor en Puerto 8080 - PID WORKER: 11380
2021-08-02T15:57:41.457Z [32minfo[39m: 	Cliente ID:D6OV72pRq9qyTZeeAAAB inició conexión a traves de Socket
2021-08-02T15:58:00.364Z [32minfo[39m: 	Se inició servidor en Puerto 8080 - PID WORKER: 13744
2021-08-02T15:58:00.478Z [32minfo[39m: 	Cliente ID:lkR4jTL1bthPSnZTAAAB inició conexión a traves de Socket
2021-08-02T15:58:13.538Z [32minfo[39m: 	Se inició servidor en Puerto 8080 - PID WORKER: 13436
2021-08-02T15:58:13.710Z [32minfo[39m: 	Cliente ID:Bb9nUVqqRIcNcitfAAAB inició conexión a traves de Socket
2021-08-02T15:58:53.459Z [32minfo[39m: 	Se inició servidor en Puerto 8080 - PID WORKER: 8908
2021-08-02T15:58:53.585Z [32minfo[39m: 	Cliente ID:h_hlGRzMW7aJjdHnAAAB inició conexión a traves de Socket
2021-08-02T15:59:06.676Z [32minfo[39m: 	Se inició servidor en Puerto 8080 - PID WORKER: 14836
2021-08-02T15:59:06.860Z [32minfo[39m: 	Cliente ID:cXmenZbLRznEIwZcAAAB inició conexión a traves de Socket
2021-08-02T16:00:08.479Z [32minfo[39m: 	Se inició servidor en Puerto 8080 - PID WORKER: 9248
2021-08-02T16:00:09.206Z [32minfo[39m: 	Cliente ID:foKttCkX06eoYWfdAAAB inició conexión a traves de Socket
2021-08-02T17:48:35.006Z [32minfo[39m: 	Se inició servidor en Puerto 8080 - PID WORKER: 11536
2021-08-02T17:48:37.204Z [32minfo[39m: 	Cliente ID:VgLHbE9_On4XET-NAAAB inició conexión a traves de Socket
2021-08-02T17:48:37.568Z [32minfo[39m: 	Cliente ID:Htn1vdv3VP7jz-uOAAAD inició conexión a traves de Socket
2021-08-02T17:48:38.066Z [32minfo[39m: 	Cliente ID:5adH8s_OxvrqQUWJAAAF inició conexión a traves de Socket
2021-08-02T17:49:00.168Z [32minfo[39m: 	Se inició servidor en Puerto 8080 - PID WORKER: 6284
2021-08-02T17:49:00.313Z [32minfo[39m: 	Cliente ID:5-bmzH5O4sRgP12NAAAC inició conexión a traves de Socket
2021-08-02T17:49:00.346Z [32minfo[39m: 	Cliente ID:qVa4LHC2-7SvpyQ5AAAD inició conexión a traves de Socket
2021-08-02T17:49:02.117Z [32minfo[39m: 	Cliente ID:-WCMdyMDI2G3tATVAAAF inició conexión a traves de Socket
2021-08-02T17:51:02.725Z [32minfo[39m: 	Se inició servidor en Puerto 8080 - PID WORKER: 14680
2021-08-02T17:51:03.066Z [32minfo[39m: 	Cliente ID:UMZTLOC0qSy_x20hAAAC inició conexión a traves de Socket
2021-08-02T17:51:03.075Z [32minfo[39m: 	Cliente ID:tPpWXNlxGz2G0XK2AAAD inició conexión a traves de Socket
2021-08-02T17:51:10.054Z [32minfo[39m: 	Se inició servidor en Puerto 8080 - PID WORKER: 18036
2021-08-02T17:51:10.335Z [32minfo[39m: 	Cliente ID:zL7CYD2zlPf9FHVYAAAC inició conexión a traves de Socket
2021-08-02T17:51:10.339Z [32minfo[39m: 	Cliente ID:QtEFloOsTVU32BqqAAAD inició conexión a traves de Socket
2021-08-02T17:51:15.448Z [32minfo[39m: 	Cliente ID:mdyAF-Q9rSfQt-zwAAAF inició conexión a traves de Socket
2021-08-02T17:53:10.453Z [32minfo[39m: 	Se inició servidor en Puerto 8080 - PID WORKER: 10860
2021-08-02T17:53:10.598Z [32minfo[39m: 	Cliente ID:9DDQ4j7TP3Q8UkkUAAAB inició conexión a traves de Socket
2021-08-02T17:53:11.066Z [32minfo[39m: 	Cliente ID:C9PtSC6YOJypVl45AAAD inició conexión a traves de Socket
2021-08-02T17:54:48.042Z [32minfo[39m: 	Se inició servidor en Puerto 8080 - PID WORKER: 18208
2021-08-02T17:54:48.077Z [32minfo[39m: 	Cliente ID:92BuBVkkT0RrEOtHAAAC inició conexión a traves de Socket
2021-08-02T17:54:48.089Z [32minfo[39m: 	Cliente ID:HXAeeaeaA06aZ6zpAAAD inició conexión a traves de Socket
2021-08-02T17:55:03.740Z [32minfo[39m: 	Se inició servidor en Puerto 8080 - PID WORKER: 17244
2021-08-02T17:55:03.815Z [32minfo[39m: 	Cliente ID:7FG09Y-3H8qZ7gVXAAAB inició conexión a traves de Socket
2021-08-02T17:55:04.057Z [32minfo[39m: 	Cliente ID:NQHYmQPAT3SFxhoqAAAD inició conexión a traves de Socket
2021-08-02T17:55:20.901Z [32minfo[39m: 	Cliente ID:O2wxAzi6jgizA5FpAAAF inició conexión a traves de Socket
2021-08-02T18:15:16.381Z [32minfo[39m: 	Se inició servidor en Puerto 8080 - PID WORKER: 12264
2021-08-02T18:15:16.429Z [32minfo[39m: 	Cliente ID:B_fXF4_eh7PD3Ez-AAAB inició conexión a traves de Socket
2021-08-02T18:15:29.099Z [32minfo[39m: 	Cliente ID:yoEd_tzi5GQMv2MSAAAD inició conexión a traves de Socket
2021-08-02T18:16:34.505Z [32minfo[39m: 	Se inició servidor en Puerto 8080 - PID WORKER: 14040
2021-08-02T18:16:34.579Z [32minfo[39m: 	Cliente ID:EbMBKYg0Wsk9exZWAAAB inició conexión a traves de Socket
2021-08-02T18:16:35.064Z [32minfo[39m: 	Cliente ID:a_GJLeBkTRErhLIuAAAD inició conexión a traves de Socket
2021-08-02T18:57:40.875Z [32minfo[39m: 	Se inició servidor en Puerto 8080 - PID WORKER: 14136
2021-08-02T18:57:40.958Z [32minfo[39m: 	Cliente ID:T_5c-1RS_FAl4JelAAAB inició conexión a traves de Socket
2021-08-02T18:57:42.442Z [32minfo[39m: 	Cliente ID:3gp9c6wvO0zhK5I6AAAD inició conexión a traves de Socket
2021-08-02T19:26:49.617Z [32minfo[39m: 	Se inició servidor en Puerto 8080 - PID WORKER: 16724
2021-08-02T19:26:49.927Z [32minfo[39m: 	Cliente ID:dftko1IOV0sp22ziAAAB inició conexión a traves de Socket
2021-08-02T19:31:27.120Z [32minfo[39m: 	Cliente ID:s28zrJk4CxoqMrTRAAAD inició conexión a traves de Socket
2021-08-02T20:05:56.465Z [32minfo[39m: 	Se inició servidor en Puerto 8080 - PID WORKER: 16236
2021-08-02T20:06:09.681Z [32minfo[39m: 	Cliente ID:nCQmoSLiXmQotvovAAAB inició conexión a traves de Socket
2021-08-02T20:07:29.704Z [32minfo[39m: 	Cliente ID:OWKPfT0SznR9z37dAAAD inició conexión a traves de Socket
2021-08-02T20:07:49.542Z [32minfo[39m: 	Cliente ID:DQzwndAaHAJlFfk3AAAF inició conexión a traves de Socket
2021-08-02T20:08:47.649Z [32minfo[39m: 	Se inició servidor en Puerto 8080 - PID WORKER: 16364
2021-08-02T20:08:47.763Z [32minfo[39m: 	Cliente ID:XFEQPcR_yiQCQRerAAAB inició conexión a traves de Socket
2021-08-02T20:08:48.800Z [32minfo[39m: 	Cliente ID:w75F-zG6ktIUzchHAAAD inició conexión a traves de Socket
2021-08-02T20:09:24.547Z [32minfo[39m: 	Se inició servidor en Puerto 8080 - PID WORKER: 15900
2021-08-02T20:09:24.722Z [32minfo[39m: 	Cliente ID:Sc_IjcvmkFW6ZCGEAAAB inició conexión a traves de Socket
2021-08-02T20:09:36.500Z [32minfo[39m: 	Se inició servidor en Puerto 8080 - PID WORKER: 15416
2021-08-02T20:09:36.715Z [32minfo[39m: 	Cliente ID:V7xy0B4HRfghNXKHAAAB inició conexión a traves de Socket
2021-08-02T20:09:45.957Z [32minfo[39m: 	Se inició servidor en Puerto 8080 - PID WORKER: 13844
2021-08-02T20:09:46.026Z [32minfo[39m: 	Cliente ID:Mwwjd3Iz20LQoznGAAAB inició conexión a traves de Socket
2021-08-02T20:35:36.409Z [32minfo[39m: 	Cliente ID:xg_cYpdj_X46TltTAAAD inició conexión a traves de Socket
2021-08-02T20:36:24.451Z [32minfo[39m: 	Se inició servidor en Puerto 8080 - PID WORKER: 17236
2021-08-02T20:36:24.750Z [32minfo[39m: 	Cliente ID:AkE-9cBes3JEr0cAAAAB inició conexión a traves de Socket
2021-08-02T20:36:47.128Z [32minfo[39m: 	Se inició servidor en Puerto 8080 - PID WORKER: 9688
2021-08-02T20:36:47.273Z [32minfo[39m: 	Cliente ID:HrEk4yA0IMnJRIixAAAB inició conexión a traves de Socket
2021-08-02T20:36:49.823Z [32minfo[39m: 	Se inició servidor en Puerto 8080 - PID WORKER: 17760
2021-08-02T20:36:49.872Z [32minfo[39m: 	Cliente ID:SL-p8quZeUyOsKUTAAAB inició conexión a traves de Socket
2021-08-02T20:38:28.413Z [32minfo[39m: 	Se inició servidor en Puerto 8080 - PID WORKER: 17880
2021-08-02T20:38:28.673Z [32minfo[39m: 	Cliente ID:Kbrl7qng5RL6En8AAAAB inició conexión a traves de Socket
2021-08-02T20:39:29.956Z [32minfo[39m: 	Se inició servidor en Puerto 8080 - PID WORKER: 10052
2021-08-02T20:39:30.031Z [32minfo[39m: 	Cliente ID:cb-ZV5YXM-EN2OX4AAAB inició conexión a traves de Socket
2021-08-02T20:40:30.162Z [32minfo[39m: 	Se inició servidor en Puerto 8080 - PID WORKER: 6644
2021-08-02T20:40:30.404Z [32minfo[39m: 	Cliente ID:BcadWFwtTqC2z92cAAAC inició conexión a traves de Socket
2021-08-02T20:41:14.175Z [32minfo[39m: 	Se inició servidor en Puerto 8080 - PID WORKER: 8928
2021-08-02T20:41:14.426Z [32minfo[39m: 	Cliente ID:5lX8fQEkg9NTGGE-AAAC inició conexión a traves de Socket
2021-08-05T04:36:12.873Z [32minfo[39m: 	Se inició servidor en Puerto 8080 - PID WORKER: 2688
2021-08-05T04:36:21.259Z [32minfo[39m: 	Se inició servidor en Puerto 8080 - PID WORKER: 8304
2021-08-05T04:41:10.435Z [32minfo[39m: 	Se inició servidor en Puerto 8080 - PID WORKER: 9796
2021-08-05T04:41:17.096Z [32minfo[39m: 	Se inició servidor en Puerto 8080 - PID WORKER: 3808
2021-08-05T04:42:25.327Z [32minfo[39m: 	Se inició servidor en Puerto 8080 - PID WORKER: 11524
2021-08-05T04:46:24.008Z [32minfo[39m: 	Se inició servidor en Puerto 8080 - PID WORKER: 5332
2021-08-05T04:46:47.238Z [32minfo[39m: 	Se inició servidor en Puerto 8080 - PID WORKER: 12052
2021-08-05T04:59:12.558Z [32minfo[39m: 	Se inició servidor en Puerto 8080 - PID WORKER: 376
2021-08-05T04:59:14.789Z [32minfo[39m: 	Se inició servidor en Puerto 8080 - PID WORKER: 5920
2021-08-05T13:13:56.263Z [32minfo[39m: 	Se inició servidor en Puerto 8080 - PID WORKER: 9020
2021-08-05T13:18:51.497Z [32minfo[39m: 	Se inició servidor en Puerto 8080 - PID WORKER: 3456
2021-08-05T13:20:01.451Z [32minfo[39m: 	Se inició servidor en Puerto 8080 - PID WORKER: 2404
2021-08-05T13:23:10.544Z [32minfo[39m: 	Se inició servidor en Puerto 8080 - PID WORKER: 11724
2021-08-05T13:24:47.298Z [32minfo[39m: 	Se inició servidor en Puerto 8080 - PID WORKER: 11764
2021-08-05T13:32:52.370Z [32minfo[39m: 	Se inició servidor en Puerto 8080 - PID WORKER: 12596
2021-08-05T13:37:37.693Z [32minfo[39m: 	Se inició servidor en Puerto 8080 - PID WORKER: 2484
2021-08-05T13:43:42.236Z [32minfo[39m: 	Se inició servidor en Puerto 8080 - PID WORKER: 12840
2021-08-05T13:46:27.860Z [32minfo[39m: 	Se inició servidor en Puerto 8080 - PID WORKER: 1152
2021-08-05T13:47:53.105Z [32minfo[39m: 	Se inició servidor en Puerto 8080 - PID WORKER: 12644
2021-08-05T13:59:19.971Z [32minfo[39m: 	Se inició servidor en Puerto 8080 - PID WORKER: 6196
2021-08-05T14:00:29.698Z [32minfo[39m: 	Se inició servidor en Puerto 8080 - PID WORKER: 14076
2021-08-05T14:03:09.474Z [32minfo[39m: 	Se inició servidor en Puerto 8080 - PID WORKER: 14212
2021-08-05T14:05:02.296Z [32minfo[39m: 	Se inició servidor en Puerto 8080 - PID WORKER: 4744
2021-08-05T14:09:21.434Z [32minfo[39m: 	Se inició servidor en Puerto 8080 - PID WORKER: 10428
2021-08-05T14:10:03.487Z [32minfo[39m: 	Se inició servidor en Puerto 8080 - PID WORKER: 9112
2021-08-05T14:10:42.902Z [32minfo[39m: 	Se inició servidor en Puerto 8080 - PID WORKER: 11424
2021-08-05T14:14:44.607Z [32minfo[39m: 	Se inició servidor en Puerto 8080 - PID WORKER: 11492
2021-08-05T14:17:27.398Z [32minfo[39m: 	Se inició servidor en Puerto 8080 - PID WORKER: 8988
2021-08-05T14:17:52.090Z [32minfo[39m: 	Se inició servidor en Puerto 8080 - PID WORKER: 12060
2021-08-05T14:57:48.955Z [32minfo[39m: 	Se inició servidor en Puerto 8080 - PID WORKER: 14032
2021-08-05T15:00:41.009Z [32minfo[39m: 	Se inició servidor en Puerto 8080 - PID WORKER: 1180
2021-08-05T15:10:10.946Z [32minfo[39m: 	Se inició servidor en Puerto 8080 - PID WORKER: 11936
2021-08-05T15:12:05.285Z [32minfo[39m: 	Se inició servidor en Puerto 8080 - PID WORKER: 13508
2021-08-05T15:12:15.315Z [32minfo[39m: 	Se inició servidor en Puerto 8080 - PID WORKER: 11848
2021-08-05T15:20:18.616Z [32minfo[39m: 	Se inició servidor en Puerto 8080 - PID WORKER: 13076
2021-08-05T15:20:47.042Z [32minfo[39m: 	Se inició servidor en Puerto 8080 - PID WORKER: 10836
2021-08-05T15:22:20.040Z [32minfo[39m: 	Se inició servidor en Puerto 8080 - PID WORKER: 14280
